[debug] [2024-01-22T13:17:11.193Z] ----------------------------------------------------------------------
[debug] [2024-01-22T13:17:11.194Z] Command:       /Users/yoshinori/.nvm/versions/node/v20.11.0/bin/node /Users/yoshinori/.nvm/versions/node/v20.11.0/bin/firebase init
[debug] [2024-01-22T13:17:11.195Z] CLI Version:   13.0.3
[debug] [2024-01-22T13:17:11.195Z] Platform:      darwin
[debug] [2024-01-22T13:17:11.195Z] Node Version:  v20.11.0
[debug] [2024-01-22T13:17:11.195Z] Time:          Mon Jan 22 2024 22:17:11 GMT+0900 (Japan Standard Time)
[debug] [2024-01-22T13:17:11.195Z] ----------------------------------------------------------------------
[debug] 
[debug] [2024-01-22T13:17:11.196Z] >>> [apiv2][query] GET https://firebase-public.firebaseio.com/cli.json [none]
[debug] [2024-01-22T13:17:11.221Z] > command requires scopes: ["email","openid","https://www.googleapis.com/auth/cloudplatformprojects.readonly","https://www.googleapis.com/auth/firebase","https://www.googleapis.com/auth/cloud-platform"]
[debug] [2024-01-22T13:17:11.221Z] > authorizing via signed-in user (yoshinori.wakabayashi@gmail.com)
[info] 
     ######## #### ########  ######## ########     ###     ######  ########
     ##        ##  ##     ## ##       ##     ##  ##   ##  ##       ##
     ######    ##  ########  ######   ########  #########  ######  ######
     ##        ##  ##    ##  ##       ##     ## ##     ##       ## ##
     ##       #### ##     ## ######## ########  ##     ##  ######  ########

You're about to initialize a Firebase project in this directory:

  /Users/yoshinori/development/iron-peach

[info] 
=== Project Setup
[info] 
[info] First, let's associate this project directory with a Firebase project.
[info] You can create multiple project aliases by running firebase use --add, 
[info] but for now we'll just set up a default project.
[info] 
[debug] [2024-01-22T13:21:31.376Z] > refreshing access token with scopes: []
[debug] [2024-01-22T13:21:31.377Z] >>> [apiv2][query] POST https://www.googleapis.com/oauth2/v3/token [none]
[debug] [2024-01-22T13:21:31.377Z] >>> [apiv2][body] POST https://www.googleapis.com/oauth2/v3/token [omitted]
[debug] [2024-01-22T13:21:38.359Z] <<< [apiv2][status] POST https://www.googleapis.com/oauth2/v3/token 200
[debug] [2024-01-22T13:21:38.359Z] <<< [apiv2][body] POST https://www.googleapis.com/oauth2/v3/token [omitted]
[debug] [2024-01-22T13:21:38.373Z] >>> [apiv2][query] GET https://firebase.googleapis.com/v1beta1/projects pageSize=100
[debug] [2024-01-22T13:21:39.583Z] <<< [apiv2][status] GET https://firebase.googleapis.com/v1beta1/projects 200
[debug] [2024-01-22T13:21:39.584Z] <<< [apiv2][body] GET https://firebase.googleapis.com/v1beta1/projects [omitted]
[info] i  Using project iron-peach-dev (iron-peach-dev) 
[info] 
=== Database Setup
[info] i  database: ensuring required API firebasedatabase.googleapis.com is enabled... 
[debug] [2024-01-22T13:21:56.439Z] >>> [apiv2][query] GET https://serviceusage.googleapis.com/v1/projects/iron-peach-dev/services/firebasedatabase.googleapis.com [none]
[debug] [2024-01-22T13:21:56.439Z] >>> [apiv2][(partial)header] GET https://serviceusage.googleapis.com/v1/projects/iron-peach-dev/services/firebasedatabase.googleapis.com x-goog-quota-user=projects/iron-peach-dev
[debug] [2024-01-22T13:21:57.887Z] <<< [apiv2][status] GET https://serviceusage.googleapis.com/v1/projects/iron-peach-dev/services/firebasedatabase.googleapis.com 200
[debug] [2024-01-22T13:21:57.888Z] <<< [apiv2][body] GET https://serviceusage.googleapis.com/v1/projects/iron-peach-dev/services/firebasedatabase.googleapis.com [omitted]
[info] ✔  database: required API firebasedatabase.googleapis.com is enabled 
[info] 
[debug] [2024-01-22T13:21:57.890Z] >>> [apiv2][query] GET https://firebasedatabase.googleapis.com/v1beta/projects/iron-peach-dev/locations/-/instances/iron-peach-dev-default-rtdb [none]
[debug] [2024-01-22T13:21:59.318Z] <<< [apiv2][status] GET https://firebasedatabase.googleapis.com/v1beta/projects/iron-peach-dev/locations/-/instances/iron-peach-dev-default-rtdb 200
[debug] [2024-01-22T13:21:59.319Z] <<< [apiv2][body] GET https://firebasedatabase.googleapis.com/v1beta/projects/iron-peach-dev/locations/-/instances/iron-peach-dev-default-rtdb {"name":"projects/179306972656/locations/us-central1/instances/iron-peach-dev-default-rtdb","project":"projects/179306972656","databaseUrl":"https://iron-peach-dev-default-rtdb.firebaseio.com","type":"DEFAULT_DATABASE","state":"ACTIVE"}
[info] 
[info] Firebase Realtime Database Security Rules allow you to define how your data should be
[info] structured and when your data can be read from and written to.
[info] 
[debug] [2024-01-22T13:22:01.897Z] >>> [apiv2][query] GET https://iron-peach-dev-default-rtdb.firebaseio.com/.settings/rules.json [none]
[debug] [2024-01-22T13:22:02.551Z] <<< [apiv2][status] GET https://iron-peach-dev-default-rtdb.firebaseio.com/.settings/rules.json 200
[debug] [2024-01-22T13:22:02.552Z] <<< [apiv2][body] GET https://iron-peach-dev-default-rtdb.firebaseio.com/.settings/rules.json [stream]
[info] ✔  Database Rules for iron-peach-dev-default-rtdb have been written to database.rules.json. 
[info] Future modifications to database.rules.json will update Realtime Database Security Rules when you run
[info] firebase deploy.
[info] 
=== Functions Setup
[debug] [2024-01-22T13:22:02.556Z] > command requires scopes: ["email","openid","https://www.googleapis.com/auth/cloudplatformprojects.readonly","https://www.googleapis.com/auth/firebase","https://www.googleapis.com/auth/cloud-platform"]
[debug] [2024-01-22T13:22:02.556Z] > authorizing via signed-in user (yoshinori.wakabayashi@gmail.com)
[debug] [2024-01-22T13:22:02.556Z] [iam] checking project iron-peach-dev for permissions ["firebase.projects.get"]
[debug] [2024-01-22T13:22:02.556Z] >>> [apiv2][query] POST https://cloudresourcemanager.googleapis.com/v1/projects/iron-peach-dev:testIamPermissions [none]
[debug] [2024-01-22T13:22:02.557Z] >>> [apiv2][(partial)header] POST https://cloudresourcemanager.googleapis.com/v1/projects/iron-peach-dev:testIamPermissions x-goog-quota-user=projects/iron-peach-dev
[debug] [2024-01-22T13:22:02.557Z] >>> [apiv2][body] POST https://cloudresourcemanager.googleapis.com/v1/projects/iron-peach-dev:testIamPermissions {"permissions":["firebase.projects.get"]}
[debug] [2024-01-22T13:22:03.480Z] <<< [apiv2][status] POST https://cloudresourcemanager.googleapis.com/v1/projects/iron-peach-dev:testIamPermissions 200
[debug] [2024-01-22T13:22:03.480Z] <<< [apiv2][body] POST https://cloudresourcemanager.googleapis.com/v1/projects/iron-peach-dev:testIamPermissions {"permissions":["firebase.projects.get"]}
[debug] [2024-01-22T13:22:03.481Z] >>> [apiv2][query] GET https://serviceusage.googleapis.com/v1/projects/iron-peach-dev/services/cloudfunctions.googleapis.com [none]
[debug] [2024-01-22T13:22:03.481Z] >>> [apiv2][(partial)header] GET https://serviceusage.googleapis.com/v1/projects/iron-peach-dev/services/cloudfunctions.googleapis.com x-goog-quota-user=projects/iron-peach-dev
[debug] [2024-01-22T13:22:03.483Z] >>> [apiv2][query] GET https://serviceusage.googleapis.com/v1/projects/iron-peach-dev/services/runtimeconfig.googleapis.com [none]
[debug] [2024-01-22T13:22:03.483Z] >>> [apiv2][(partial)header] GET https://serviceusage.googleapis.com/v1/projects/iron-peach-dev/services/runtimeconfig.googleapis.com x-goog-quota-user=projects/iron-peach-dev
[debug] [2024-01-22T13:22:04.762Z] <<< [apiv2][status] GET https://serviceusage.googleapis.com/v1/projects/iron-peach-dev/services/runtimeconfig.googleapis.com 200
[debug] [2024-01-22T13:22:04.762Z] <<< [apiv2][body] GET https://serviceusage.googleapis.com/v1/projects/iron-peach-dev/services/runtimeconfig.googleapis.com [omitted]
[debug] [2024-01-22T13:22:04.797Z] <<< [apiv2][status] GET https://serviceusage.googleapis.com/v1/projects/iron-peach-dev/services/cloudfunctions.googleapis.com 200
[debug] [2024-01-22T13:22:04.797Z] <<< [apiv2][body] GET https://serviceusage.googleapis.com/v1/projects/iron-peach-dev/services/cloudfunctions.googleapis.com [omitted]
[info] Let's create a new codebase for your functions.
[info] A directory corresponding to the codebase will be created in your project
[info] with sample code pre-configured.

[info] See https://firebase.google.com/docs/functions/organize-functions for
[info] more information on organizing your functions using codebases.

[info] Functions can be deployed with firebase deploy.

[info] ✔  Wrote functions/package.json 
[info] ✔  Wrote functions/.eslintrc.js 
[info] ✔  Wrote functions/tsconfig.json 
[info] ✔  Wrote functions/tsconfig.dev.json 
[info] ✔  Wrote functions/src/index.ts 
[info] ✔  Wrote functions/.gitignore 
[info] 
=== Storage Setup
[info] 
[info] Firebase Storage Security Rules allow you to define how and when to allow
[info] uploads and downloads. You can keep these rules in your project directory
[info] and publish them with firebase deploy.
[info] 
[info] ✔  Wrote storage.rules 
[info] 
[info] i  Writing configuration info to firebase.json... 
[info] i  Writing project information to .firebaserc... 
[info] 
[info] ✔  Firebase initialization complete! 
[debug] [2024-01-22T13:23:05.290Z] Error: Timed out.
    at Timeout.<anonymous> (/Users/yoshinori/.nvm/versions/node/v20.11.0/lib/node_modules/firebase-tools/lib/utils.js:258:49)
    at listOnTimeout (node:internal/timers:573:17)
    at process.processTimers (node:internal/timers:514:7)
[error] 
[error] Error: An unexpected error has occurred.
